<?xml version="1.0" encoding="UTF-8"?>
<!-- Generated by org.testng.reporters.JUnitXMLReporter -->
<testsuite ignored="0" hostname="DESKTOP-9P6IIEM" failures="0" tests="2" name="Default test" time="7.075" errors="0" timestamp="2025-10-24T17:40:31 IST">
  <testcase classname="com.client.SalesInventory.ManageArea.ManageArea" name="verifyAddAreaWithValidData" time="1.883"/>
  <testcase classname="com.client.SalesInventory.ManageArea.ManageArea" name="verifyAddAreaInAddRetailer" time="0.364"/>
</testsuite> <!-- Default test -->
