<?xml version="1.0" encoding="UTF-8"?>
<!-- Generated by org.testng.reporters.JUnitXMLReporter -->
<testsuite ignored="3" hostname="DESKTOP-9P6IIEM" failures="0" tests="3" name="Test" time="7.844" errors="0" timestamp="2025-10-11T16:02:50 IST">
  <testcase classname="com.client.SalesInventory.Login.LoginToApp" name="loginAsAdmin" time="0.709"/>
  <testcase classname="com.client.SalesInventory.Login.LoginToApp" name="loginAsRetailer" time="2.615"/>
  <testcase classname="com.client.SalesInventory.Login.LoginToApp" name="loginToManufacturer" time="2.624"/>
  <testcase classname="com.client.SalesInventory.Login.LoginToApp" name="loginAsRetailerWithWrongPswd" time="0.0">
    <ignored/>
  </testcase> <!-- loginAsRetailerWithWrongPswd -->
  <testcase classname="com.client.SalesInventory.Login.LoginToApp" name="loginToManufacturerWithWrongPswd" time="0.0">
    <ignored/>
  </testcase> <!-- loginToManufacturerWithWrongPswd -->
  <testcase classname="com.client.SalesInventory.Login.LoginToApp" name="loginAsAdminWithWrongPswd" time="0.0">
    <ignored/>
  </testcase> <!-- loginAsAdminWithWrongPswd -->
</testsuite> <!-- Test -->
