<?xml version="1.0" encoding="UTF-8"?>
<testng-results ignored="0" total="2" passed="2" failed="0" skipped="0">
  <reporter-output>
  </reporter-output>
  <suite started-at="2025-10-24T17:40:23 IST" name="Default suite" finished-at="2025-10-24T17:40:30 IST" duration-ms="7075">
    <groups>
      <group name="integration">
        <method signature="ManageArea.verifyAddAreaWithValidData()[pri:0, instance:com.client.SalesInventory.ManageArea.ManageArea@3c9754d8]" name="verifyAddAreaWithValidData" class="com.client.SalesInventory.ManageArea.ManageArea"/>
      </group> <!-- integration -->
    </groups>
    <test started-at="2025-10-24T17:40:23 IST" name="Default test" finished-at="2025-10-24T17:40:30 IST" duration-ms="7075">
      <class name="com.client.SalesInventory.ManageArea.ManageArea">
        <test-method is-config="true" signature="beforeSuitConfigMethod()[pri:0, instance:com.client.SalesInventory.ManageArea.ManageArea@3c9754d8]" started-at="2025-10-24T17:40:23 IST" name="beforeSuitConfigMethod" finished-at="2025-10-24T17:40:23 IST" duration-ms="16" status="PASS">
          <reporter-output>
          </reporter-output>
        </test-method> <!-- beforeSuitConfigMethod -->
        <test-method is-config="true" signature="beforeClassConfigMethod(org.testng.xml.XmlTest)[pri:0, instance:com.client.SalesInventory.ManageArea.ManageArea@3c9754d8]" started-at="2025-10-24T17:40:23 IST" name="beforeClassConfigMethod" finished-at="2025-10-24T17:40:25 IST" duration-ms="1488" status="PASS">
          <params>
            <param index="0">
              <value>
                <![CDATA[org.testng.xml.XmlTest@3432a2ba]]>
              </value>
            </param>
          </params>
          <reporter-output>
          </reporter-output>
        </test-method> <!-- beforeClassConfigMethod -->
        <test-method is-config="true" signature="configBM()[pri:0, instance:com.client.SalesInventory.ManageArea.ManageArea@3c9754d8]" started-at="2025-10-24T17:40:25 IST" name="configBM" finished-at="2025-10-24T17:40:25 IST" duration-ms="469" status="PASS">
          <reporter-output>
          </reporter-output>
        </test-method> <!-- configBM -->
        <test-method signature="verifyAddAreaWithValidData()[pri:0, instance:com.client.SalesInventory.ManageArea.ManageArea@3c9754d8]" started-at="2025-10-24T17:40:25 IST" name="verifyAddAreaWithValidData" finished-at="2025-10-24T17:40:27 IST" duration-ms="1883" status="PASS">
          <reporter-output>
          </reporter-output>
        </test-method> <!-- verifyAddAreaWithValidData -->
        <test-method is-config="true" signature="configAM()[pri:0, instance:com.client.SalesInventory.ManageArea.ManageArea@3c9754d8]" started-at="2025-10-24T17:40:27 IST" name="configAM" finished-at="2025-10-24T17:40:27 IST" duration-ms="154" status="PASS">
          <reporter-output>
          </reporter-output>
        </test-method> <!-- configAM -->
        <test-method is-config="true" signature="configBM()[pri:0, instance:com.client.SalesInventory.ManageArea.ManageArea@3c9754d8]" started-at="2025-10-24T17:40:27 IST" name="configBM" finished-at="2025-10-24T17:40:30 IST" duration-ms="2287" status="PASS">
          <reporter-output>
          </reporter-output>
        </test-method> <!-- configBM -->
        <test-method signature="verifyAddAreaInAddRetailer()[pri:0, instance:com.client.SalesInventory.ManageArea.ManageArea@3c9754d8]" started-at="2025-10-24T17:40:30 IST" name="verifyAddAreaInAddRetailer" finished-at="2025-10-24T17:40:30 IST" depends-on-methods="com.client.SalesInventory.ManageArea.ManageArea.verifyAddAreaWithValidData" duration-ms="364" status="PASS">
          <reporter-output>
          </reporter-output>
        </test-method> <!-- verifyAddAreaInAddRetailer -->
        <test-method is-config="true" signature="configAM()[pri:0, instance:com.client.SalesInventory.ManageArea.ManageArea@3c9754d8]" started-at="2025-10-24T17:40:30 IST" name="configAM" finished-at="2025-10-24T17:40:30 IST" duration-ms="130" status="PASS">
          <reporter-output>
          </reporter-output>
        </test-method> <!-- configAM -->
        <test-method is-config="true" signature="afterClassConfigMethod()[pri:0, instance:com.client.SalesInventory.ManageArea.ManageArea@3c9754d8]" started-at="2025-10-24T17:40:30 IST" name="afterClassConfigMethod" finished-at="2025-10-24T17:40:30 IST" duration-ms="250" status="PASS">
          <reporter-output>
          </reporter-output>
        </test-method> <!-- afterClassConfigMethod -->
        <test-method is-config="true" signature="afterSuiteConfigMethod()[pri:0, instance:com.client.SalesInventory.ManageArea.ManageArea@3c9754d8]" started-at="2025-10-24T17:40:31 IST" name="afterSuiteConfigMethod" finished-at="2025-10-24T17:40:31 IST" duration-ms="2" status="PASS">
          <reporter-output>
          </reporter-output>
        </test-method> <!-- afterSuiteConfigMethod -->
      </class> <!-- com.client.SalesInventory.ManageArea.ManageArea -->
    </test> <!-- Default test -->
  </suite> <!-- Default suite -->
</testng-results>
