<?xml version="1.0" encoding="UTF-8"?>
<testng-results ignored="0" total="1" passed="1" failed="0" skipped="0">
  <reporter-output>
  </reporter-output>
  <suite started-at="2025-10-23T17:26:47 IST" name="Default suite" finished-at="2025-10-23T17:26:54 IST" duration-ms="7331">
    <groups>
    </groups>
    <test started-at="2025-10-23T17:26:47 IST" name="Default test" finished-at="2025-10-23T17:26:54 IST" duration-ms="7331">
      <class name="com.client.SalesInventory.ManageArea.ManageArea">
        <test-method is-config="true" signature="beforeSuitConfigMethod()[pri:0, instance:com.client.SalesInventory.ManageArea.ManageArea@3857f613]" started-at="2025-10-23T17:26:47 IST" name="beforeSuitConfigMethod" finished-at="2025-10-23T17:26:47 IST" duration-ms="18" status="PASS">
          <reporter-output>
          </reporter-output>
        </test-method> <!-- beforeSuitConfigMethod -->
        <test-method is-config="true" signature="beforeClassConfigMethod(org.testng.xml.XmlTest)[pri:0, instance:com.client.SalesInventory.ManageArea.ManageArea@3857f613]" started-at="2025-10-23T17:26:47 IST" name="beforeClassConfigMethod" finished-at="2025-10-23T17:26:49 IST" duration-ms="2246" status="PASS">
          <params>
            <param index="0">
              <value>
                <![CDATA[org.testng.xml.XmlTest@bec744bf]]>
              </value>
            </param>
          </params>
          <reporter-output>
          </reporter-output>
        </test-method> <!-- beforeClassConfigMethod -->
        <test-method is-config="true" signature="configBM()[pri:0, instance:com.client.SalesInventory.ManageArea.ManageArea@3857f613]" started-at="2025-10-23T17:26:49 IST" name="configBM" finished-at="2025-10-23T17:26:50 IST" duration-ms="871" status="PASS">
          <reporter-output>
          </reporter-output>
        </test-method> <!-- configBM -->
        <test-method signature="verifyAddAreaWithValidData()[pri:0, instance:com.client.SalesInventory.ManageArea.ManageArea@3857f613]" started-at="2025-10-23T17:26:50 IST" name="verifyAddAreaWithValidData" finished-at="2025-10-23T17:26:53 IST" duration-ms="3237" status="PASS">
          <reporter-output>
          </reporter-output>
        </test-method> <!-- verifyAddAreaWithValidData -->
        <test-method is-config="true" signature="configAM()[pri:0, instance:com.client.SalesInventory.ManageArea.ManageArea@3857f613]" started-at="2025-10-23T17:26:53 IST" name="configAM" finished-at="2025-10-23T17:26:54 IST" duration-ms="381" status="PASS">
          <reporter-output>
          </reporter-output>
        </test-method> <!-- configAM -->
        <test-method is-config="true" signature="afterClassConfigMethod()[pri:0, instance:com.client.SalesInventory.ManageArea.ManageArea@3857f613]" started-at="2025-10-23T17:26:54 IST" name="afterClassConfigMethod" finished-at="2025-10-23T17:26:54 IST" duration-ms="525" status="PASS">
          <reporter-output>
          </reporter-output>
        </test-method> <!-- afterClassConfigMethod -->
        <test-method is-config="true" signature="afterSuiteConfigMethod()[pri:0, instance:com.client.SalesInventory.ManageArea.ManageArea@3857f613]" started-at="2025-10-23T17:26:54 IST" name="afterSuiteConfigMethod" finished-at="2025-10-23T17:26:54 IST" duration-ms="0" status="PASS">
          <reporter-output>
          </reporter-output>
        </test-method> <!-- afterSuiteConfigMethod -->
      </class> <!-- com.client.SalesInventory.ManageArea.ManageArea -->
    </test> <!-- Default test -->
  </suite> <!-- Default suite -->
</testng-results>
